<?xml version="1.0" encoding="UTF-8"?>
<!-- Generated by org.testng.reporters.JUnitXMLReporter -->
<testsuite hostname="gnvl.local" ignored="0" name="Surefire test" tests="52" failures="32" timestamp="09 Nov 2017 09:03:43 GMT" time="0.339" errors="0">
  <testcase name="cvv" time="0.12" classname="core.CreditCardValidationTest"/>
  <testcase name="cvv" time="0.006" classname="core.CreditCardValidationTest">
    <failure type="java.lang.AssertionError" message="
Expected: Credit Card CVV: 123			, should be valid
     but: was &amp;lt;false&amp;gt;">
      <![CDATA[java.lang.AssertionError: 
Expected: Credit Card CVV: 123			, should be valid
     but: was <false>
	at org.hamcrest.MatcherAssert.assertThat(MatcherAssert.java:20)
	at org.hamcrest.MatcherAssert.assertThat(MatcherAssert.java:8)
	at core.CreditCardValidationTest.cvv(CreditCardValidationTest.java:36)
... Removed 30 stack frames]]>
    </failure>
  </testcase> <!-- cvv -->
  <testcase name="cvv" time="0.001" classname="core.CreditCardValidationTest"/>
  <testcase name="cvv" time="0.003" classname="core.CreditCardValidationTest"/>
  <testcase name="cvv" time="0.001" classname="core.CreditCardValidationTest"/>
  <testcase name="cvv" time="0.002" classname="core.CreditCardValidationTest">
    <failure type="java.lang.AssertionError" message="
Expected: Credit Card CVV: 123			, should be valid
     but: was &amp;lt;false&amp;gt;">
      <![CDATA[java.lang.AssertionError: 
Expected: Credit Card CVV: 123			, should be valid
     but: was <false>
	at org.hamcrest.MatcherAssert.assertThat(MatcherAssert.java:20)
	at org.hamcrest.MatcherAssert.assertThat(MatcherAssert.java:8)
	at core.CreditCardValidationTest.cvv(CreditCardValidationTest.java:36)
... Removed 30 stack frames]]>
    </failure>
  </testcase> <!-- cvv -->
  <testcase name="cvv" time="0.001" classname="core.CreditCardValidationTest"/>
  <testcase name="cvv" time="0.002" classname="core.CreditCardValidationTest"/>
  <testcase name="cvv" time="0.001" classname="core.CreditCardValidationTest"/>
  <testcase name="cvv" time="0.001" classname="core.CreditCardValidationTest"/>
  <testcase name="cvv" time="0.001" classname="core.CreditCardValidationTest"/>
  <testcase name="cvv" time="0.001" classname="core.CreditCardValidationTest"/>
  <testcase name="cvv" time="0.001" classname="core.CreditCardValidationTest"/>
  <testcase name="exp" time="0.007" classname="core.CreditCardValidationTest">
    <failure type="java.lang.AssertionError" message="
Expected: Credit Card Exp: 19-11, should be not expired
     but: was &amp;lt;false&amp;gt;">
      <![CDATA[java.lang.AssertionError: 
Expected: Credit Card Exp: 19-11, should be not expired
     but: was <false>
	at org.hamcrest.MatcherAssert.assertThat(MatcherAssert.java:20)
	at org.hamcrest.MatcherAssert.assertThat(MatcherAssert.java:8)
	at core.CreditCardValidationTest.exp(CreditCardValidationTest.java:31)
... Removed 30 stack frames]]>
    </failure>
  </testcase> <!-- exp -->
  <testcase name="exp" time="0.001" classname="core.CreditCardValidationTest">
    <failure type="java.lang.AssertionError" message="
Expected: Credit Card Exp: 19-11, should be not expired
     but: was &amp;lt;false&amp;gt;">
      <![CDATA[java.lang.AssertionError: 
Expected: Credit Card Exp: 19-11, should be not expired
     but: was <false>
	at org.hamcrest.MatcherAssert.assertThat(MatcherAssert.java:20)
	at org.hamcrest.MatcherAssert.assertThat(MatcherAssert.java:8)
	at core.CreditCardValidationTest.exp(CreditCardValidationTest.java:31)
... Removed 30 stack frames]]>
    </failure>
  </testcase> <!-- exp -->
  <testcase name="exp" time="0.002" classname="core.CreditCardValidationTest">
    <failure type="java.lang.AssertionError" message="
Expected: Credit Card Exp: 18-12, should be not expired
     but: was &amp;lt;false&amp;gt;">
      <![CDATA[java.lang.AssertionError: 
Expected: Credit Card Exp: 18-12, should be not expired
     but: was <false>
	at org.hamcrest.MatcherAssert.assertThat(MatcherAssert.java:20)
	at org.hamcrest.MatcherAssert.assertThat(MatcherAssert.java:8)
	at core.CreditCardValidationTest.exp(CreditCardValidationTest.java:31)
... Removed 30 stack frames]]>
    </failure>
  </testcase> <!-- exp -->
  <testcase name="exp" time="0.001" classname="core.CreditCardValidationTest">
    <failure type="java.lang.AssertionError" message="
Expected: Credit Card Exp: 18-12, should be not expired
     but: was &amp;lt;false&amp;gt;">
      <![CDATA[java.lang.AssertionError: 
Expected: Credit Card Exp: 18-12, should be not expired
     but: was <false>
	at org.hamcrest.MatcherAssert.assertThat(MatcherAssert.java:20)
	at org.hamcrest.MatcherAssert.assertThat(MatcherAssert.java:8)
	at core.CreditCardValidationTest.exp(CreditCardValidationTest.java:31)
... Removed 30 stack frames]]>
    </failure>
  </testcase> <!-- exp -->
  <testcase name="exp" time="0.001" classname="core.CreditCardValidationTest">
    <failure type="java.lang.AssertionError" message="
Expected: Credit Card Exp: 18-11, should be not expired
     but: was &amp;lt;false&amp;gt;">
      <![CDATA[java.lang.AssertionError: 
Expected: Credit Card Exp: 18-11, should be not expired
     but: was <false>
	at org.hamcrest.MatcherAssert.assertThat(MatcherAssert.java:20)
	at org.hamcrest.MatcherAssert.assertThat(MatcherAssert.java:8)
	at core.CreditCardValidationTest.exp(CreditCardValidationTest.java:31)
... Removed 30 stack frames]]>
    </failure>
  </testcase> <!-- exp -->
  <testcase name="exp" time="0.001" classname="core.CreditCardValidationTest">
    <failure type="java.lang.AssertionError" message="
Expected: Credit Card Exp: 18-11, should be not expired
     but: was &amp;lt;false&amp;gt;">
      <![CDATA[java.lang.AssertionError: 
Expected: Credit Card Exp: 18-11, should be not expired
     but: was <false>
	at org.hamcrest.MatcherAssert.assertThat(MatcherAssert.java:20)
	at org.hamcrest.MatcherAssert.assertThat(MatcherAssert.java:8)
	at core.CreditCardValidationTest.exp(CreditCardValidationTest.java:31)
... Removed 30 stack frames]]>
    </failure>
  </testcase> <!-- exp -->
  <testcase name="exp" time="0.001" classname="core.CreditCardValidationTest">
    <failure type="java.lang.AssertionError" message="
Expected: Credit Card Exp: 19-12, should be not expired
     but: was &amp;lt;false&amp;gt;">
      <![CDATA[java.lang.AssertionError: 
Expected: Credit Card Exp: 19-12, should be not expired
     but: was <false>
	at org.hamcrest.MatcherAssert.assertThat(MatcherAssert.java:20)
	at org.hamcrest.MatcherAssert.assertThat(MatcherAssert.java:8)
	at core.CreditCardValidationTest.exp(CreditCardValidationTest.java:31)
... Removed 30 stack frames]]>
    </failure>
  </testcase> <!-- exp -->
  <testcase name="exp" time="0.002" classname="core.CreditCardValidationTest">
    <failure type="java.lang.AssertionError" message="
Expected: Credit Card Exp: 19-12, should be not expired
     but: was &amp;lt;false&amp;gt;">
      <![CDATA[java.lang.AssertionError: 
Expected: Credit Card Exp: 19-12, should be not expired
     but: was <false>
	at org.hamcrest.MatcherAssert.assertThat(MatcherAssert.java:20)
	at org.hamcrest.MatcherAssert.assertThat(MatcherAssert.java:8)
	at core.CreditCardValidationTest.exp(CreditCardValidationTest.java:31)
... Removed 30 stack frames]]>
    </failure>
  </testcase> <!-- exp -->
  <testcase name="exp" time="0.001" classname="core.CreditCardValidationTest">
    <failure type="java.lang.AssertionError" message="
Expected: Credit Card Exp: 19-12, should be not expired
     but: was &amp;lt;false&amp;gt;">
      <![CDATA[java.lang.AssertionError: 
Expected: Credit Card Exp: 19-12, should be not expired
     but: was <false>
	at org.hamcrest.MatcherAssert.assertThat(MatcherAssert.java:20)
	at org.hamcrest.MatcherAssert.assertThat(MatcherAssert.java:8)
	at core.CreditCardValidationTest.exp(CreditCardValidationTest.java:31)
... Removed 30 stack frames]]>
    </failure>
  </testcase> <!-- exp -->
  <testcase name="exp" time="0.001" classname="core.CreditCardValidationTest">
    <failure type="java.lang.AssertionError" message="
Expected: Credit Card Exp: 19-12, should be not expired
     but: was &amp;lt;false&amp;gt;">
      <![CDATA[java.lang.AssertionError: 
Expected: Credit Card Exp: 19-12, should be not expired
     but: was <false>
	at org.hamcrest.MatcherAssert.assertThat(MatcherAssert.java:20)
	at org.hamcrest.MatcherAssert.assertThat(MatcherAssert.java:8)
	at core.CreditCardValidationTest.exp(CreditCardValidationTest.java:31)
... Removed 30 stack frames]]>
    </failure>
  </testcase> <!-- exp -->
  <testcase name="exp" time="0.0" classname="core.CreditCardValidationTest">
    <failure type="java.lang.AssertionError" message="
Expected: Credit Card Exp: 19-12, should be not expired
     but: was &amp;lt;false&amp;gt;">
      <![CDATA[java.lang.AssertionError: 
Expected: Credit Card Exp: 19-12, should be not expired
     but: was <false>
	at org.hamcrest.MatcherAssert.assertThat(MatcherAssert.java:20)
	at org.hamcrest.MatcherAssert.assertThat(MatcherAssert.java:8)
	at core.CreditCardValidationTest.exp(CreditCardValidationTest.java:31)
... Removed 30 stack frames]]>
    </failure>
  </testcase> <!-- exp -->
  <testcase name="exp" time="0.001" classname="core.CreditCardValidationTest">
    <failure type="java.lang.AssertionError" message="
Expected: Credit Card Exp: 20-11, should be not expired
     but: was &amp;lt;false&amp;gt;">
      <![CDATA[java.lang.AssertionError: 
Expected: Credit Card Exp: 20-11, should be not expired
     but: was <false>
	at org.hamcrest.MatcherAssert.assertThat(MatcherAssert.java:20)
	at org.hamcrest.MatcherAssert.assertThat(MatcherAssert.java:8)
	at core.CreditCardValidationTest.exp(CreditCardValidationTest.java:31)
... Removed 30 stack frames]]>
    </failure>
  </testcase> <!-- exp -->
  <testcase name="exp" time="0.001" classname="core.CreditCardValidationTest">
    <failure type="java.lang.AssertionError" message="
Expected: Credit Card Exp: 20-11, should be not expired
     but: was &amp;lt;false&amp;gt;">
      <![CDATA[java.lang.AssertionError: 
Expected: Credit Card Exp: 20-11, should be not expired
     but: was <false>
	at org.hamcrest.MatcherAssert.assertThat(MatcherAssert.java:20)
	at org.hamcrest.MatcherAssert.assertThat(MatcherAssert.java:8)
	at core.CreditCardValidationTest.exp(CreditCardValidationTest.java:31)
... Removed 30 stack frames]]>
    </failure>
  </testcase> <!-- exp -->
  <testcase name="luhn" time="0.001" classname="core.CreditCardValidationTest">
    <failure type="java.lang.AssertionError" message="
Expected: Luhn of: 4532-5471-0699-4812, should be valid
     but: was &amp;lt;false&amp;gt;">
      <![CDATA[java.lang.AssertionError: 
Expected: Luhn of: 4532-5471-0699-4812, should be valid
     but: was <false>
	at org.hamcrest.MatcherAssert.assertThat(MatcherAssert.java:20)
	at org.hamcrest.MatcherAssert.assertThat(MatcherAssert.java:8)
	at core.CreditCardValidationTest.luhn(CreditCardValidationTest.java:41)
... Removed 30 stack frames]]>
    </failure>
  </testcase> <!-- luhn -->
  <testcase name="luhn" time="0.001" classname="core.CreditCardValidationTest">
    <failure type="java.lang.AssertionError" message="
Expected: Luhn of: 4532-0699-4816-5, should be valid
     but: was &amp;lt;false&amp;gt;">
      <![CDATA[java.lang.AssertionError: 
Expected: Luhn of: 4532-0699-4816-5, should be valid
     but: was <false>
	at org.hamcrest.MatcherAssert.assertThat(MatcherAssert.java:20)
	at org.hamcrest.MatcherAssert.assertThat(MatcherAssert.java:8)
	at core.CreditCardValidationTest.luhn(CreditCardValidationTest.java:41)
... Removed 30 stack frames]]>
    </failure>
  </testcase> <!-- luhn -->
  <testcase name="luhn" time="0.001" classname="core.CreditCardValidationTest">
    <failure type="java.lang.AssertionError" message="
Expected: Luhn of: 6011-9333-0267-9615, should be valid
     but: was &amp;lt;false&amp;gt;">
      <![CDATA[java.lang.AssertionError: 
Expected: Luhn of: 6011-9333-0267-9615, should be valid
     but: was <false>
	at org.hamcrest.MatcherAssert.assertThat(MatcherAssert.java:20)
	at org.hamcrest.MatcherAssert.assertThat(MatcherAssert.java:8)
	at core.CreditCardValidationTest.luhn(CreditCardValidationTest.java:41)
... Removed 30 stack frames]]>
    </failure>
  </testcase> <!-- luhn -->
  <testcase name="luhn" time="0.001" classname="core.CreditCardValidationTest">
    <failure type="java.lang.AssertionError" message="
Expected: Luhn of: 6219-9333-0267-9613, should be valid
     but: was &amp;lt;false&amp;gt;">
      <![CDATA[java.lang.AssertionError: 
Expected: Luhn of: 6219-9333-0267-9613, should be valid
     but: was <false>
	at org.hamcrest.MatcherAssert.assertThat(MatcherAssert.java:20)
	at org.hamcrest.MatcherAssert.assertThat(MatcherAssert.java:8)
	at core.CreditCardValidationTest.luhn(CreditCardValidationTest.java:41)
... Removed 30 stack frames]]>
    </failure>
  </testcase> <!-- luhn -->
  <testcase name="luhn" time="0.0" classname="core.CreditCardValidationTest">
    <failure type="java.lang.AssertionError" message="
Expected: Luhn of: 6411-9333-0267-9619, should be valid
     but: was &amp;lt;false&amp;gt;">
      <![CDATA[java.lang.AssertionError: 
Expected: Luhn of: 6411-9333-0267-9619, should be valid
     but: was <false>
	at org.hamcrest.MatcherAssert.assertThat(MatcherAssert.java:20)
	at org.hamcrest.MatcherAssert.assertThat(MatcherAssert.java:8)
	at core.CreditCardValidationTest.luhn(CreditCardValidationTest.java:41)
... Removed 30 stack frames]]>
    </failure>
  </testcase> <!-- luhn -->
  <testcase name="luhn" time="0.001" classname="core.CreditCardValidationTest">
    <failure type="java.lang.AssertionError" message="
Expected: Luhn of: 6511-9333-0267-9618, should be valid
     but: was &amp;lt;false&amp;gt;">
      <![CDATA[java.lang.AssertionError: 
Expected: Luhn of: 6511-9333-0267-9618, should be valid
     but: was <false>
	at org.hamcrest.MatcherAssert.assertThat(MatcherAssert.java:20)
	at org.hamcrest.MatcherAssert.assertThat(MatcherAssert.java:8)
	at core.CreditCardValidationTest.luhn(CreditCardValidationTest.java:41)
... Removed 30 stack frames]]>
    </failure>
  </testcase> <!-- luhn -->
  <testcase name="luhn" time="0.001" classname="core.CreditCardValidationTest">
    <failure type="java.lang.AssertionError" message="
Expected: Luhn of: 5184-3985-2997-3089, should be valid
     but: was &amp;lt;false&amp;gt;">
      <![CDATA[java.lang.AssertionError: 
Expected: Luhn of: 5184-3985-2997-3089, should be valid
     but: was <false>
	at org.hamcrest.MatcherAssert.assertThat(MatcherAssert.java:20)
	at org.hamcrest.MatcherAssert.assertThat(MatcherAssert.java:8)
	at core.CreditCardValidationTest.luhn(CreditCardValidationTest.java:41)
... Removed 30 stack frames]]>
    </failure>
  </testcase> <!-- luhn -->
  <testcase name="luhn" time="0.001" classname="core.CreditCardValidationTest">
    <failure type="java.lang.AssertionError" message="
Expected: Luhn of: 5284-3985-2997-3088, should be valid
     but: was &amp;lt;false&amp;gt;">
      <![CDATA[java.lang.AssertionError: 
Expected: Luhn of: 5284-3985-2997-3088, should be valid
     but: was <false>
	at org.hamcrest.MatcherAssert.assertThat(MatcherAssert.java:20)
	at org.hamcrest.MatcherAssert.assertThat(MatcherAssert.java:8)
	at core.CreditCardValidationTest.luhn(CreditCardValidationTest.java:41)
... Removed 30 stack frames]]>
    </failure>
  </testcase> <!-- luhn -->
  <testcase name="luhn" time="0.001" classname="core.CreditCardValidationTest">
    <failure type="java.lang.AssertionError" message="
Expected: Luhn of: 5384-3985-2997-3087, should be valid
     but: was &amp;lt;false&amp;gt;">
      <![CDATA[java.lang.AssertionError: 
Expected: Luhn of: 5384-3985-2997-3087, should be valid
     but: was <false>
	at org.hamcrest.MatcherAssert.assertThat(MatcherAssert.java:20)
	at org.hamcrest.MatcherAssert.assertThat(MatcherAssert.java:8)
	at core.CreditCardValidationTest.luhn(CreditCardValidationTest.java:41)
... Removed 30 stack frames]]>
    </failure>
  </testcase> <!-- luhn -->
  <testcase name="luhn" time="0.0" classname="core.CreditCardValidationTest">
    <failure type="java.lang.AssertionError" message="
Expected: Luhn of: 5484-3985-2997-3086, should be valid
     but: was &amp;lt;false&amp;gt;">
      <![CDATA[java.lang.AssertionError: 
Expected: Luhn of: 5484-3985-2997-3086, should be valid
     but: was <false>
	at org.hamcrest.MatcherAssert.assertThat(MatcherAssert.java:20)
	at org.hamcrest.MatcherAssert.assertThat(MatcherAssert.java:8)
	at core.CreditCardValidationTest.luhn(CreditCardValidationTest.java:41)
... Removed 30 stack frames]]>
    </failure>
  </testcase> <!-- luhn -->
  <testcase name="luhn" time="0.001" classname="core.CreditCardValidationTest">
    <failure type="java.lang.AssertionError" message="
Expected: Luhn of: 5584-3985-2997-3085, should be valid
     but: was &amp;lt;false&amp;gt;">
      <![CDATA[java.lang.AssertionError: 
Expected: Luhn of: 5584-3985-2997-3085, should be valid
     but: was <false>
	at org.hamcrest.MatcherAssert.assertThat(MatcherAssert.java:20)
	at org.hamcrest.MatcherAssert.assertThat(MatcherAssert.java:8)
	at core.CreditCardValidationTest.luhn(CreditCardValidationTest.java:41)
... Removed 30 stack frames]]>
    </failure>
  </testcase> <!-- luhn -->
  <testcase name="luhn" time="0.0" classname="core.CreditCardValidationTest"/>
  <testcase name="luhn" time="0.001" classname="core.CreditCardValidationTest">
    <failure type="java.lang.AssertionError" message="
Expected: Luhn of: 3742-5920-1906-721, should be valid
     but: was &amp;lt;false&amp;gt;">
      <![CDATA[java.lang.AssertionError: 
Expected: Luhn of: 3742-5920-1906-721, should be valid
     but: was <false>
	at org.hamcrest.MatcherAssert.assertThat(MatcherAssert.java:20)
	at org.hamcrest.MatcherAssert.assertThat(MatcherAssert.java:8)
	at core.CreditCardValidationTest.luhn(CreditCardValidationTest.java:41)
... Removed 30 stack frames]]>
    </failure>
  </testcase> <!-- luhn -->
  <testcase name="type" time="0.001" classname="core.CreditCardValidationTest"/>
  <testcase name="type" time="0.0" classname="core.CreditCardValidationTest"/>
  <testcase name="type" time="0.001" classname="core.CreditCardValidationTest"/>
  <testcase name="type" time="0.001" classname="core.CreditCardValidationTest"/>
  <testcase name="type" time="0.001" classname="core.CreditCardValidationTest"/>
  <testcase name="type" time="0.001" classname="core.CreditCardValidationTest"/>
  <testcase name="type" time="0.001" classname="core.CreditCardValidationTest">
    <failure type="java.lang.AssertionError" message="
Expected: Credit Card Type: MasterCad, should be valid
     but: was &amp;lt;false&amp;gt;">
      <![CDATA[java.lang.AssertionError: 
Expected: Credit Card Type: MasterCad, should be valid
     but: was <false>
	at org.hamcrest.MatcherAssert.assertThat(MatcherAssert.java:20)
	at org.hamcrest.MatcherAssert.assertThat(MatcherAssert.java:8)
	at core.CreditCardValidationTest.type(CreditCardValidationTest.java:26)
... Removed 30 stack frames]]>
    </failure>
  </testcase> <!-- type -->
  <testcase name="type" time="0.001" classname="core.CreditCardValidationTest">
    <failure type="java.lang.AssertionError" message="
Expected: Credit Card Type: MasterCad, should be valid
     but: was &amp;lt;false&amp;gt;">
      <![CDATA[java.lang.AssertionError: 
Expected: Credit Card Type: MasterCad, should be valid
     but: was <false>
	at org.hamcrest.MatcherAssert.assertThat(MatcherAssert.java:20)
	at org.hamcrest.MatcherAssert.assertThat(MatcherAssert.java:8)
	at core.CreditCardValidationTest.type(CreditCardValidationTest.java:26)
... Removed 30 stack frames]]>
    </failure>
  </testcase> <!-- type -->
  <testcase name="type" time="0.001" classname="core.CreditCardValidationTest">
    <failure type="java.lang.AssertionError" message="
Expected: Credit Card Type: MasterCad, should be valid
     but: was &amp;lt;false&amp;gt;">
      <![CDATA[java.lang.AssertionError: 
Expected: Credit Card Type: MasterCad, should be valid
     but: was <false>
	at org.hamcrest.MatcherAssert.assertThat(MatcherAssert.java:20)
	at org.hamcrest.MatcherAssert.assertThat(MatcherAssert.java:8)
	at core.CreditCardValidationTest.type(CreditCardValidationTest.java:26)
... Removed 30 stack frames]]>
    </failure>
  </testcase> <!-- type -->
  <testcase name="type" time="0.001" classname="core.CreditCardValidationTest">
    <failure type="java.lang.AssertionError" message="
Expected: Credit Card Type: MasterCad, should be valid
     but: was &amp;lt;false&amp;gt;">
      <![CDATA[java.lang.AssertionError: 
Expected: Credit Card Type: MasterCad, should be valid
     but: was <false>
	at org.hamcrest.MatcherAssert.assertThat(MatcherAssert.java:20)
	at org.hamcrest.MatcherAssert.assertThat(MatcherAssert.java:8)
	at core.CreditCardValidationTest.type(CreditCardValidationTest.java:26)
... Removed 30 stack frames]]>
    </failure>
  </testcase> <!-- type -->
  <testcase name="type" time="0.001" classname="core.CreditCardValidationTest">
    <failure type="java.lang.AssertionError" message="
Expected: Credit Card Type: MasterCad, should be valid
     but: was &amp;lt;false&amp;gt;">
      <![CDATA[java.lang.AssertionError: 
Expected: Credit Card Type: MasterCad, should be valid
     but: was <false>
	at org.hamcrest.MatcherAssert.assertThat(MatcherAssert.java:20)
	at org.hamcrest.MatcherAssert.assertThat(MatcherAssert.java:8)
	at core.CreditCardValidationTest.type(CreditCardValidationTest.java:26)
... Removed 30 stack frames]]>
    </failure>
  </testcase> <!-- type -->
  <testcase name="type" time="0.001" classname="core.CreditCardValidationTest"/>
  <testcase name="type" time="0.001" classname="core.CreditCardValidationTest"/>
</testsuite> <!-- Surefire test -->
