<?xml version="1.0" encoding="UTF-8"?>
<testsuite xmlns:xsi="http://www.w3.org/2001/XMLSchema-instance" xsi:noNamespaceSchemaLocation="https://maven.apache.org/surefire/maven-surefire-plugin/xsd/surefire-test-report.xsd" name="core.CreditCardValidationTest" time="1.22" tests="52" errors="0" skipped="0" failures="32">
  <properties>
    <property name="gopherProxySet" value="false"/>
    <property name="awt.toolkit" value="sun.lwawt.macosx.LWCToolkit"/>
    <property name="file.encoding.pkg" value="sun.io"/>
    <property name="java.specification.version" value="1.8"/>
    <property name="sun.cpu.isalist" value=""/>
    <property name="sun.jnu.encoding" value="UTF-8"/>
    <property name="java.class.path" value="/Users/val/workspace/HW_50Al/target/test-classes:/Users/val/workspace/HW_50Al/target/classes:/Users/val/.m2/repository/org/testng/testng/6.11/testng-6.11.jar:/Users/val/.m2/repository/com/beust/jcommander/1.64/jcommander-1.64.jar:/Users/val/.m2/repository/org/yaml/snakeyaml/1.17/snakeyaml-1.17.jar:/Users/val/.m2/repository/org/hamcrest/hamcrest-all/1.3/hamcrest-all-1.3.jar:/Users/val/.m2/repository/ru/yandex/qatools/allure/allure-testng-adaptor/1.5.4/allure-testng-adaptor-1.5.4.jar:/Users/val/.m2/repository/ru/yandex/qatools/allure/allure-java-aspects/1.5.4/allure-java-aspects-1.5.4.jar:/Users/val/.m2/repository/ru/yandex/qatools/allure/allure-java-adaptor-api/1.5.4/allure-java-adaptor-api-1.5.4.jar:/Users/val/.m2/repository/ru/yandex/qatools/allure/allure-java-annotations/1.5.4/allure-java-annotations-1.5.4.jar:/Users/val/.m2/repository/org/apache/tika/tika-core/1.7/tika-core-1.7.jar:/Users/val/.m2/repository/org/aspectj/aspectjrt/1.8.3/aspectjrt-1.8.3.jar:/Users/val/.m2/repository/ru/yandex/qatools/allure/allure-report-data/1.5.4/allure-report-data-1.5.4.jar:/Users/val/.m2/repository/ru/yandex/qatools/allure/allure-report-plugin-api/1.5.4/allure-report-plugin-api-1.5.4.jar:/Users/val/.m2/repository/ru/yandex/qatools/allure/allure-model/1.5.4/allure-model-1.5.4.jar:/Users/val/.m2/repository/org/jvnet/jaxb2_commons/jaxb2-basics-runtime/0.9.3/jaxb2-basics-runtime-0.9.3.jar:/Users/val/.m2/repository/ru/qatools/commons/properties/2.0.RC5/properties-2.0.RC5.jar:/Users/val/.m2/repository/org/slf4j/slf4j-api/1.7.12/slf4j-api-1.7.12.jar:/Users/val/.m2/repository/com/google/inject/guice/4.0/guice-4.0.jar:/Users/val/.m2/repository/javax/inject/javax.inject/1/javax.inject-1.jar:/Users/val/.m2/repository/aopalliance/aopalliance/1.0/aopalliance-1.0.jar:/Users/val/.m2/repository/ru/yandex/qatools/allure/allure-commons/1.5.4/allure-commons-1.5.4.jar:/Users/val/.m2/repository/commons-io/commons-io/2.4/commons-io-2.4.jar:/Users/val/.m2/repository/com/fasterxml/jackson/core/jackson-databind/2.3.0/jackson-databind-2.3.0.jar:/Users/val/.m2/repository/com/fasterxml/jackson/core/jackson-annotations/2.3.0/jackson-annotations-2.3.0.jar:/Users/val/.m2/repository/com/fasterxml/jackson/core/jackson-core/2.3.0/jackson-core-2.3.0.jar:/Users/val/.m2/repository/com/fasterxml/jackson/module/jackson-module-jaxb-annotations/2.3.0/jackson-module-jaxb-annotations-2.3.0.jar:/Users/val/.m2/repository/org/pegdown/pegdown/1.4.2/pegdown-1.4.2.jar:/Users/val/.m2/repository/org/parboiled/parboiled-java/1.1.6/parboiled-java-1.1.6.jar:/Users/val/.m2/repository/org/parboiled/parboiled-core/1.1.6/parboiled-core-1.1.6.jar:/Users/val/.m2/repository/org/ow2/asm/asm/4.1/asm-4.1.jar:/Users/val/.m2/repository/org/ow2/asm/asm-tree/4.1/asm-tree-4.1.jar:/Users/val/.m2/repository/org/ow2/asm/asm-analysis/4.1/asm-analysis-4.1.jar:/Users/val/.m2/repository/org/ow2/asm/asm-util/4.1/asm-util-4.1.jar:/Users/val/.m2/repository/org/modelmapper/modelmapper/0.7.3/modelmapper-0.7.3.jar:/Users/val/.m2/repository/org/codehaus/groovy/groovy/2.4.3/groovy-2.4.3-indy.jar:/Users/val/.m2/repository/com/google/guava/guava/18.0/guava-18.0.jar:/Users/val/.m2/repository/org/freemarker/freemarker/2.3.23/freemarker-2.3.23.jar:/Users/val/.m2/repository/org/apache/maven/surefire/surefire-testng-utils/2.20.1/surefire-testng-utils-2.20.1.jar:/Users/val/.m2/repository/org/apache/maven/surefire/surefire-grouper/2.20.1/surefire-grouper-2.20.1.jar:"/>
    <property name="java.vm.vendor" value="Oracle Corporation"/>
    <property name="sun.arch.data.model" value="64"/>
    <property name="java.vendor.url" value="http://java.oracle.com/"/>
    <property name="user.timezone" value=""/>
    <property name="java.vm.specification.version" value="1.8"/>
    <property name="os.name" value="Mac OS X"/>
    <property name="user.country" value="US"/>
    <property name="sun.java.launcher" value="SUN_STANDARD"/>
    <property name="sun.boot.library.path" value="/Library/Java/JavaVirtualMachines/jdk1.8.0_112.jdk/Contents/Home/jre/lib"/>
    <property name="sun.java.command" value="/Users/val/workspace/HW_50Al/target/surefire/surefirebooter568155128261743335.jar /Users/val/workspace/HW_50Al/target/surefire 2017-11-09T01-03-40_079-jvmRun1 surefire6568597396405644192tmp surefire_0260101607276223537tmp"/>
    <property name="http.nonProxyHosts" value="local|*.local|169.254/16|*.169.254/16"/>
    <property name="test" value="CreditCardValidationTest"/>
    <property name="surefire.test.class.path" value="/Users/val/workspace/HW_50Al/target/test-classes:/Users/val/workspace/HW_50Al/target/classes:/Users/val/.m2/repository/org/testng/testng/6.11/testng-6.11.jar:/Users/val/.m2/repository/com/beust/jcommander/1.64/jcommander-1.64.jar:/Users/val/.m2/repository/org/yaml/snakeyaml/1.17/snakeyaml-1.17.jar:/Users/val/.m2/repository/org/hamcrest/hamcrest-all/1.3/hamcrest-all-1.3.jar:/Users/val/.m2/repository/ru/yandex/qatools/allure/allure-testng-adaptor/1.5.4/allure-testng-adaptor-1.5.4.jar:/Users/val/.m2/repository/ru/yandex/qatools/allure/allure-java-aspects/1.5.4/allure-java-aspects-1.5.4.jar:/Users/val/.m2/repository/ru/yandex/qatools/allure/allure-java-adaptor-api/1.5.4/allure-java-adaptor-api-1.5.4.jar:/Users/val/.m2/repository/ru/yandex/qatools/allure/allure-java-annotations/1.5.4/allure-java-annotations-1.5.4.jar:/Users/val/.m2/repository/org/apache/tika/tika-core/1.7/tika-core-1.7.jar:/Users/val/.m2/repository/org/aspectj/aspectjrt/1.8.3/aspectjrt-1.8.3.jar:/Users/val/.m2/repository/ru/yandex/qatools/allure/allure-report-data/1.5.4/allure-report-data-1.5.4.jar:/Users/val/.m2/repository/ru/yandex/qatools/allure/allure-report-plugin-api/1.5.4/allure-report-plugin-api-1.5.4.jar:/Users/val/.m2/repository/ru/yandex/qatools/allure/allure-model/1.5.4/allure-model-1.5.4.jar:/Users/val/.m2/repository/org/jvnet/jaxb2_commons/jaxb2-basics-runtime/0.9.3/jaxb2-basics-runtime-0.9.3.jar:/Users/val/.m2/repository/ru/qatools/commons/properties/2.0.RC5/properties-2.0.RC5.jar:/Users/val/.m2/repository/org/slf4j/slf4j-api/1.7.12/slf4j-api-1.7.12.jar:/Users/val/.m2/repository/com/google/inject/guice/4.0/guice-4.0.jar:/Users/val/.m2/repository/javax/inject/javax.inject/1/javax.inject-1.jar:/Users/val/.m2/repository/aopalliance/aopalliance/1.0/aopalliance-1.0.jar:/Users/val/.m2/repository/ru/yandex/qatools/allure/allure-commons/1.5.4/allure-commons-1.5.4.jar:/Users/val/.m2/repository/commons-io/commons-io/2.4/commons-io-2.4.jar:/Users/val/.m2/repository/com/fasterxml/jackson/core/jackson-databind/2.3.0/jackson-databind-2.3.0.jar:/Users/val/.m2/repository/com/fasterxml/jackson/core/jackson-annotations/2.3.0/jackson-annotations-2.3.0.jar:/Users/val/.m2/repository/com/fasterxml/jackson/core/jackson-core/2.3.0/jackson-core-2.3.0.jar:/Users/val/.m2/repository/com/fasterxml/jackson/module/jackson-module-jaxb-annotations/2.3.0/jackson-module-jaxb-annotations-2.3.0.jar:/Users/val/.m2/repository/org/pegdown/pegdown/1.4.2/pegdown-1.4.2.jar:/Users/val/.m2/repository/org/parboiled/parboiled-java/1.1.6/parboiled-java-1.1.6.jar:/Users/val/.m2/repository/org/parboiled/parboiled-core/1.1.6/parboiled-core-1.1.6.jar:/Users/val/.m2/repository/org/ow2/asm/asm/4.1/asm-4.1.jar:/Users/val/.m2/repository/org/ow2/asm/asm-tree/4.1/asm-tree-4.1.jar:/Users/val/.m2/repository/org/ow2/asm/asm-analysis/4.1/asm-analysis-4.1.jar:/Users/val/.m2/repository/org/ow2/asm/asm-util/4.1/asm-util-4.1.jar:/Users/val/.m2/repository/org/modelmapper/modelmapper/0.7.3/modelmapper-0.7.3.jar:/Users/val/.m2/repository/org/codehaus/groovy/groovy/2.4.3/groovy-2.4.3-indy.jar:/Users/val/.m2/repository/com/google/guava/guava/18.0/guava-18.0.jar:/Users/val/.m2/repository/org/freemarker/freemarker/2.3.23/freemarker-2.3.23.jar:/Users/val/.m2/repository/org/apache/maven/surefire/surefire-testng-utils/2.20.1/surefire-testng-utils-2.20.1.jar:/Users/val/.m2/repository/org/apache/maven/surefire/surefire-grouper/2.20.1/surefire-grouper-2.20.1.jar:"/>
    <property name="sun.cpu.endian" value="little"/>
    <property name="user.home" value="/Users/val"/>
    <property name="user.language" value="en"/>
    <property name="java.specification.vendor" value="Oracle Corporation"/>
    <property name="java.home" value="/Library/Java/JavaVirtualMachines/jdk1.8.0_112.jdk/Contents/Home/jre"/>
    <property name="basedir" value="/Users/val/workspace/HW_50Al"/>
    <property name="file.separator" value="/"/>
    <property name="line.separator" value="&#10;"/>
    <property name="java.vm.specification.vendor" value="Oracle Corporation"/>
    <property name="java.specification.name" value="Java Platform API Specification"/>
    <property name="java.awt.graphicsenv" value="sun.awt.CGraphicsEnvironment"/>
    <property name="surefire.real.class.path" value="/Users/val/workspace/HW_50Al/target/surefire/surefirebooter568155128261743335.jar:/Users/val/.m2/repository/org/aspectj/aspectjweaver/1.8.12/aspectjweaver-1.8.12.jar"/>
    <property name="sun.boot.class.path" value="/Library/Java/JavaVirtualMachines/jdk1.8.0_112.jdk/Contents/Home/jre/lib/resources.jar:/Library/Java/JavaVirtualMachines/jdk1.8.0_112.jdk/Contents/Home/jre/lib/rt.jar:/Library/Java/JavaVirtualMachines/jdk1.8.0_112.jdk/Contents/Home/jre/lib/sunrsasign.jar:/Library/Java/JavaVirtualMachines/jdk1.8.0_112.jdk/Contents/Home/jre/lib/jsse.jar:/Library/Java/JavaVirtualMachines/jdk1.8.0_112.jdk/Contents/Home/jre/lib/jce.jar:/Library/Java/JavaVirtualMachines/jdk1.8.0_112.jdk/Contents/Home/jre/lib/charsets.jar:/Library/Java/JavaVirtualMachines/jdk1.8.0_112.jdk/Contents/Home/jre/lib/jfr.jar:/Library/Java/JavaVirtualMachines/jdk1.8.0_112.jdk/Contents/Home/jre/classes"/>
    <property name="sun.management.compiler" value="HotSpot 64-Bit Tiered Compilers"/>
    <property name="ftp.nonProxyHosts" value="local|*.local|169.254/16|*.169.254/16"/>
    <property name="java.runtime.version" value="1.8.0_112-b16"/>
    <property name="user.name" value="val"/>
    <property name="path.separator" value=":"/>
    <property name="os.version" value="10.12.5"/>
    <property name="java.endorsed.dirs" value="/Library/Java/JavaVirtualMachines/jdk1.8.0_112.jdk/Contents/Home/jre/lib/endorsed"/>
    <property name="java.runtime.name" value="Java(TM) SE Runtime Environment"/>
    <property name="file.encoding" value="UTF-8"/>
    <property name="java.vm.name" value="Java HotSpot(TM) 64-Bit Server VM"/>
    <property name="localRepository" value="/Users/val/.m2/repository"/>
    <property name="java.vendor.url.bug" value="http://bugreport.sun.com/bugreport/"/>
    <property name="java.io.tmpdir" value="/var/folders/2v/vnn7j31552b2fn369vdmqff00000gn/T/"/>
    <property name="java.version" value="1.8.0_112"/>
    <property name="user.dir" value="/Users/val/workspace/HW_50Al"/>
    <property name="os.arch" value="x86_64"/>
    <property name="java.vm.specification.name" value="Java Virtual Machine Specification"/>
    <property name="java.awt.printerjob" value="sun.lwawt.macosx.CPrinterJob"/>
    <property name="sun.os.patch.level" value="unknown"/>
    <property name="java.library.path" value="/Users/val/Library/Java/Extensions:/Library/Java/Extensions:/Network/Library/Java/Extensions:/System/Library/Java/Extensions:/usr/lib/java:."/>
    <property name="java.vm.info" value="mixed mode"/>
    <property name="java.vendor" value="Oracle Corporation"/>
    <property name="java.vm.version" value="25.112-b16"/>
    <property name="java.ext.dirs" value="/Users/val/Library/Java/Extensions:/Library/Java/JavaVirtualMachines/jdk1.8.0_112.jdk/Contents/Home/jre/lib/ext:/Library/Java/Extensions:/Network/Library/Java/Extensions:/System/Library/Java/Extensions:/usr/lib/java"/>
    <property name="sun.io.unicode.encoding" value="UnicodeBig"/>
    <property name="java.class.version" value="52.0"/>
    <property name="socksNonProxyHosts" value="local|*.local|169.254/16|*.169.254/16"/>
  </properties>
  <testcase name="cvv" classname="core.CreditCardValidationTest" time="0.034"/>
  <testcase name="cvv" classname="core.CreditCardValidationTest" time="0.039">
    <failure message="&#10;Expected: Credit Card CVV: 123			, should be valid&#10;     but: was &lt;false&gt;" type="java.lang.AssertionError"><![CDATA[java.lang.AssertionError: 

Expected: Credit Card CVV: 123			, should be valid
     but: was <false>
	at core.CreditCardValidationTest.cvv(CreditCardValidationTest.java:36)
]]></failure>
  </testcase>
  <testcase name="cvv" classname="core.CreditCardValidationTest" time="0.001"/>
  <testcase name="cvv" classname="core.CreditCardValidationTest" time="0.001"/>
  <testcase name="cvv" classname="core.CreditCardValidationTest" time="0.001"/>
  <testcase name="cvv" classname="core.CreditCardValidationTest" time="0.001">
    <failure message="&#10;Expected: Credit Card CVV: 123			, should be valid&#10;     but: was &lt;false&gt;" type="java.lang.AssertionError"><![CDATA[java.lang.AssertionError: 

Expected: Credit Card CVV: 123			, should be valid
     but: was <false>
	at core.CreditCardValidationTest.cvv(CreditCardValidationTest.java:36)
]]></failure>
  </testcase>
  <testcase name="cvv" classname="core.CreditCardValidationTest" time="0"/>
  <testcase name="cvv" classname="core.CreditCardValidationTest" time="0"/>
  <testcase name="cvv" classname="core.CreditCardValidationTest" time="0"/>
  <testcase name="cvv" classname="core.CreditCardValidationTest" time="0"/>
  <testcase name="cvv" classname="core.CreditCardValidationTest" time="0"/>
  <testcase name="cvv" classname="core.CreditCardValidationTest" time="0.001"/>
  <testcase name="cvv" classname="core.CreditCardValidationTest" time="0.001"/>
  <testcase name="exp" classname="core.CreditCardValidationTest" time="0.007">
    <failure message="&#10;Expected: Credit Card Exp: 19-11, should be not expired&#10;     but: was &lt;false&gt;" type="java.lang.AssertionError"><![CDATA[java.lang.AssertionError: 

Expected: Credit Card Exp: 19-11, should be not expired
     but: was <false>
	at core.CreditCardValidationTest.exp(CreditCardValidationTest.java:31)
]]></failure>
  </testcase>
  <testcase name="exp" classname="core.CreditCardValidationTest" time="0.001">
    <failure message="&#10;Expected: Credit Card Exp: 19-11, should be not expired&#10;     but: was &lt;false&gt;" type="java.lang.AssertionError"><![CDATA[java.lang.AssertionError: 

Expected: Credit Card Exp: 19-11, should be not expired
     but: was <false>
	at core.CreditCardValidationTest.exp(CreditCardValidationTest.java:31)
]]></failure>
  </testcase>
  <testcase name="exp" classname="core.CreditCardValidationTest" time="0">
    <failure message="&#10;Expected: Credit Card Exp: 18-12, should be not expired&#10;     but: was &lt;false&gt;" type="java.lang.AssertionError"><![CDATA[java.lang.AssertionError: 

Expected: Credit Card Exp: 18-12, should be not expired
     but: was <false>
	at core.CreditCardValidationTest.exp(CreditCardValidationTest.java:31)
]]></failure>
  </testcase>
  <testcase name="exp" classname="core.CreditCardValidationTest" time="0.001">
    <failure message="&#10;Expected: Credit Card Exp: 18-12, should be not expired&#10;     but: was &lt;false&gt;" type="java.lang.AssertionError"><![CDATA[java.lang.AssertionError: 

Expected: Credit Card Exp: 18-12, should be not expired
     but: was <false>
	at core.CreditCardValidationTest.exp(CreditCardValidationTest.java:31)
]]></failure>
  </testcase>
  <testcase name="exp" classname="core.CreditCardValidationTest" time="0.001">
    <failure message="&#10;Expected: Credit Card Exp: 18-11, should be not expired&#10;     but: was &lt;false&gt;" type="java.lang.AssertionError"><![CDATA[java.lang.AssertionError: 

Expected: Credit Card Exp: 18-11, should be not expired
     but: was <false>
	at core.CreditCardValidationTest.exp(CreditCardValidationTest.java:31)
]]></failure>
  </testcase>
  <testcase name="exp" classname="core.CreditCardValidationTest" time="0.001">
    <failure message="&#10;Expected: Credit Card Exp: 18-11, should be not expired&#10;     but: was &lt;false&gt;" type="java.lang.AssertionError"><![CDATA[java.lang.AssertionError: 

Expected: Credit Card Exp: 18-11, should be not expired
     but: was <false>
	at core.CreditCardValidationTest.exp(CreditCardValidationTest.java:31)
]]></failure>
  </testcase>
  <testcase name="exp" classname="core.CreditCardValidationTest" time="0.001">
    <failure message="&#10;Expected: Credit Card Exp: 19-12, should be not expired&#10;     but: was &lt;false&gt;" type="java.lang.AssertionError"><![CDATA[java.lang.AssertionError: 

Expected: Credit Card Exp: 19-12, should be not expired
     but: was <false>
	at core.CreditCardValidationTest.exp(CreditCardValidationTest.java:31)
]]></failure>
  </testcase>
  <testcase name="exp" classname="core.CreditCardValidationTest" time="0.001">
    <failure message="&#10;Expected: Credit Card Exp: 19-12, should be not expired&#10;     but: was &lt;false&gt;" type="java.lang.AssertionError"><![CDATA[java.lang.AssertionError: 

Expected: Credit Card Exp: 19-12, should be not expired
     but: was <false>
	at core.CreditCardValidationTest.exp(CreditCardValidationTest.java:31)
]]></failure>
  </testcase>
  <testcase name="exp" classname="core.CreditCardValidationTest" time="0.001">
    <failure message="&#10;Expected: Credit Card Exp: 19-12, should be not expired&#10;     but: was &lt;false&gt;" type="java.lang.AssertionError"><![CDATA[java.lang.AssertionError: 

Expected: Credit Card Exp: 19-12, should be not expired
     but: was <false>
	at core.CreditCardValidationTest.exp(CreditCardValidationTest.java:31)
]]></failure>
  </testcase>
  <testcase name="exp" classname="core.CreditCardValidationTest" time="0.001">
    <failure message="&#10;Expected: Credit Card Exp: 19-12, should be not expired&#10;     but: was &lt;false&gt;" type="java.lang.AssertionError"><![CDATA[java.lang.AssertionError: 

Expected: Credit Card Exp: 19-12, should be not expired
     but: was <false>
	at core.CreditCardValidationTest.exp(CreditCardValidationTest.java:31)
]]></failure>
  </testcase>
  <testcase name="exp" classname="core.CreditCardValidationTest" time="0.001">
    <failure message="&#10;Expected: Credit Card Exp: 19-12, should be not expired&#10;     but: was &lt;false&gt;" type="java.lang.AssertionError"><![CDATA[java.lang.AssertionError: 

Expected: Credit Card Exp: 19-12, should be not expired
     but: was <false>
	at core.CreditCardValidationTest.exp(CreditCardValidationTest.java:31)
]]></failure>
  </testcase>
  <testcase name="exp" classname="core.CreditCardValidationTest" time="0.001">
    <failure message="&#10;Expected: Credit Card Exp: 20-11, should be not expired&#10;     but: was &lt;false&gt;" type="java.lang.AssertionError"><![CDATA[java.lang.AssertionError: 

Expected: Credit Card Exp: 20-11, should be not expired
     but: was <false>
	at core.CreditCardValidationTest.exp(CreditCardValidationTest.java:31)
]]></failure>
  </testcase>
  <testcase name="exp" classname="core.CreditCardValidationTest" time="0">
    <failure message="&#10;Expected: Credit Card Exp: 20-11, should be not expired&#10;     but: was &lt;false&gt;" type="java.lang.AssertionError"><![CDATA[java.lang.AssertionError: 

Expected: Credit Card Exp: 20-11, should be not expired
     but: was <false>
	at core.CreditCardValidationTest.exp(CreditCardValidationTest.java:31)
]]></failure>
  </testcase>
  <testcase name="luhn" classname="core.CreditCardValidationTest" time="0.001">
    <failure message="&#10;Expected: Luhn of: 4532-5471-0699-4812, should be valid&#10;     but: was &lt;false&gt;" type="java.lang.AssertionError"><![CDATA[java.lang.AssertionError: 

Expected: Luhn of: 4532-5471-0699-4812, should be valid
     but: was <false>
	at core.CreditCardValidationTest.luhn(CreditCardValidationTest.java:41)
]]></failure>
  </testcase>
  <testcase name="luhn" classname="core.CreditCardValidationTest" time="0.001">
    <failure message="&#10;Expected: Luhn of: 4532-0699-4816-5, should be valid&#10;     but: was &lt;false&gt;" type="java.lang.AssertionError"><![CDATA[java.lang.AssertionError: 

Expected: Luhn of: 4532-0699-4816-5, should be valid
     but: was <false>
	at core.CreditCardValidationTest.luhn(CreditCardValidationTest.java:41)
]]></failure>
  </testcase>
  <testcase name="luhn" classname="core.CreditCardValidationTest" time="0">
    <failure message="&#10;Expected: Luhn of: 6011-9333-0267-9615, should be valid&#10;     but: was &lt;false&gt;" type="java.lang.AssertionError"><![CDATA[java.lang.AssertionError: 

Expected: Luhn of: 6011-9333-0267-9615, should be valid
     but: was <false>
	at core.CreditCardValidationTest.luhn(CreditCardValidationTest.java:41)
]]></failure>
  </testcase>
  <testcase name="luhn" classname="core.CreditCardValidationTest" time="0.001">
    <failure message="&#10;Expected: Luhn of: 6219-9333-0267-9613, should be valid&#10;     but: was &lt;false&gt;" type="java.lang.AssertionError"><![CDATA[java.lang.AssertionError: 

Expected: Luhn of: 6219-9333-0267-9613, should be valid
     but: was <false>
	at core.CreditCardValidationTest.luhn(CreditCardValidationTest.java:41)
]]></failure>
  </testcase>
  <testcase name="luhn" classname="core.CreditCardValidationTest" time="0.001">
    <failure message="&#10;Expected: Luhn of: 6411-9333-0267-9619, should be valid&#10;     but: was &lt;false&gt;" type="java.lang.AssertionError"><![CDATA[java.lang.AssertionError: 

Expected: Luhn of: 6411-9333-0267-9619, should be valid
     but: was <false>
	at core.CreditCardValidationTest.luhn(CreditCardValidationTest.java:41)
]]></failure>
  </testcase>
  <testcase name="luhn" classname="core.CreditCardValidationTest" time="0.001">
    <failure message="&#10;Expected: Luhn of: 6511-9333-0267-9618, should be valid&#10;     but: was &lt;false&gt;" type="java.lang.AssertionError"><![CDATA[java.lang.AssertionError: 

Expected: Luhn of: 6511-9333-0267-9618, should be valid
     but: was <false>
	at core.CreditCardValidationTest.luhn(CreditCardValidationTest.java:41)
]]></failure>
  </testcase>
  <testcase name="luhn" classname="core.CreditCardValidationTest" time="0.001">
    <failure message="&#10;Expected: Luhn of: 5184-3985-2997-3089, should be valid&#10;     but: was &lt;false&gt;" type="java.lang.AssertionError"><![CDATA[java.lang.AssertionError: 

Expected: Luhn of: 5184-3985-2997-3089, should be valid
     but: was <false>
	at core.CreditCardValidationTest.luhn(CreditCardValidationTest.java:41)
]]></failure>
  </testcase>
  <testcase name="luhn" classname="core.CreditCardValidationTest" time="0">
    <failure message="&#10;Expected: Luhn of: 5284-3985-2997-3088, should be valid&#10;     but: was &lt;false&gt;" type="java.lang.AssertionError"><![CDATA[java.lang.AssertionError: 

Expected: Luhn of: 5284-3985-2997-3088, should be valid
     but: was <false>
	at core.CreditCardValidationTest.luhn(CreditCardValidationTest.java:41)
]]></failure>
  </testcase>
  <testcase name="luhn" classname="core.CreditCardValidationTest" time="0.001">
    <failure message="&#10;Expected: Luhn of: 5384-3985-2997-3087, should be valid&#10;     but: was &lt;false&gt;" type="java.lang.AssertionError"><![CDATA[java.lang.AssertionError: 

Expected: Luhn of: 5384-3985-2997-3087, should be valid
     but: was <false>
	at core.CreditCardValidationTest.luhn(CreditCardValidationTest.java:41)
]]></failure>
  </testcase>
  <testcase name="luhn" classname="core.CreditCardValidationTest" time="0.001">
    <failure message="&#10;Expected: Luhn of: 5484-3985-2997-3086, should be valid&#10;     but: was &lt;false&gt;" type="java.lang.AssertionError"><![CDATA[java.lang.AssertionError: 

Expected: Luhn of: 5484-3985-2997-3086, should be valid
     but: was <false>
	at core.CreditCardValidationTest.luhn(CreditCardValidationTest.java:41)
]]></failure>
  </testcase>
  <testcase name="luhn" classname="core.CreditCardValidationTest" time="0.001">
    <failure message="&#10;Expected: Luhn of: 5584-3985-2997-3085, should be valid&#10;     but: was &lt;false&gt;" type="java.lang.AssertionError"><![CDATA[java.lang.AssertionError: 

Expected: Luhn of: 5584-3985-2997-3085, should be valid
     but: was <false>
	at core.CreditCardValidationTest.luhn(CreditCardValidationTest.java:41)
]]></failure>
  </testcase>
  <testcase name="luhn" classname="core.CreditCardValidationTest" time="0.001"/>
  <testcase name="luhn" classname="core.CreditCardValidationTest" time="0">
    <failure message="&#10;Expected: Luhn of: 3742-5920-1906-721, should be valid&#10;     but: was &lt;false&gt;" type="java.lang.AssertionError"><![CDATA[java.lang.AssertionError: 

Expected: Luhn of: 3742-5920-1906-721, should be valid
     but: was <false>
	at core.CreditCardValidationTest.luhn(CreditCardValidationTest.java:41)
]]></failure>
  </testcase>
  <testcase name="type" classname="core.CreditCardValidationTest" time="0"/>
  <testcase name="type" classname="core.CreditCardValidationTest" time="0.001"/>
  <testcase name="type" classname="core.CreditCardValidationTest" time="0.001"/>
  <testcase name="type" classname="core.CreditCardValidationTest" time="0"/>
  <testcase name="type" classname="core.CreditCardValidationTest" time="0"/>
  <testcase name="type" classname="core.CreditCardValidationTest" time="0"/>
  <testcase name="type" classname="core.CreditCardValidationTest" time="0.001">
    <failure message="&#10;Expected: Credit Card Type: MasterCad, should be valid&#10;     but: was &lt;false&gt;" type="java.lang.AssertionError"><![CDATA[java.lang.AssertionError: 

Expected: Credit Card Type: MasterCad, should be valid
     but: was <false>
	at core.CreditCardValidationTest.type(CreditCardValidationTest.java:26)
]]></failure>
  </testcase>
  <testcase name="type" classname="core.CreditCardValidationTest" time="0.001">
    <failure message="&#10;Expected: Credit Card Type: MasterCad, should be valid&#10;     but: was &lt;false&gt;" type="java.lang.AssertionError"><![CDATA[java.lang.AssertionError: 

Expected: Credit Card Type: MasterCad, should be valid
     but: was <false>
	at core.CreditCardValidationTest.type(CreditCardValidationTest.java:26)
]]></failure>
  </testcase>
  <testcase name="type" classname="core.CreditCardValidationTest" time="0">
    <failure message="&#10;Expected: Credit Card Type: MasterCad, should be valid&#10;     but: was &lt;false&gt;" type="java.lang.AssertionError"><![CDATA[java.lang.AssertionError: 

Expected: Credit Card Type: MasterCad, should be valid
     but: was <false>
	at core.CreditCardValidationTest.type(CreditCardValidationTest.java:26)
]]></failure>
  </testcase>
  <testcase name="type" classname="core.CreditCardValidationTest" time="0.001">
    <failure message="&#10;Expected: Credit Card Type: MasterCad, should be valid&#10;     but: was &lt;false&gt;" type="java.lang.AssertionError"><![CDATA[java.lang.AssertionError: 

Expected: Credit Card Type: MasterCad, should be valid
     but: was <false>
	at core.CreditCardValidationTest.type(CreditCardValidationTest.java:26)
]]></failure>
  </testcase>
  <testcase name="type" classname="core.CreditCardValidationTest" time="0.001">
    <failure message="&#10;Expected: Credit Card Type: MasterCad, should be valid&#10;     but: was &lt;false&gt;" type="java.lang.AssertionError"><![CDATA[java.lang.AssertionError: 

Expected: Credit Card Type: MasterCad, should be valid
     but: was <false>
	at core.CreditCardValidationTest.type(CreditCardValidationTest.java:26)
]]></failure>
  </testcase>
  <testcase name="type" classname="core.CreditCardValidationTest" time="0"/>
  <testcase name="type" classname="core.CreditCardValidationTest" time="0.001"/>
</testsuite>